{"/Users/Silmeriel/Desktop/Laboratoria/SCL007-Social-Network/src/js/app.js": {"path":"/Users/Silmeriel/Desktop/Laboratoria/SCL007-Social-Network/src/js/app.js","statementMap":{"0":{"start":{"line":1,"column":29},"end":{"line":15,"column":1}},"1":{"start":{"line":3,"column":2},"end":{"line":14,"column":5}},"2":{"start":{"line":4,"column":4},"end":{"line":12,"column":5}},"3":{"start":{"line":5,"column":6},"end":{"line":11,"column":10}},"4":{"start":{"line":17,"column":43},"end":{"line":46,"column":1}},"5":{"start":{"line":19,"column":19},"end":{"line":35,"column":3}},"6":{"start":{"line":38,"column":19},"end":{"line":38,"column":70}},"7":{"start":{"line":41,"column":16},"end":{"line":41,"column":18}},"8":{"start":{"line":42,"column":2},"end":{"line":42,"column":45}},"9":{"start":{"line":43,"column":2},"end":{"line":43,"column":62}},"10":{"start":{"line":44,"column":2},"end":{"line":44,"column":51}},"11":{"start":{"line":51,"column":24},"end":{"line":57,"column":1}},"12":{"start":{"line":52,"column":16},"end":{"line":52,"column":48}},"13":{"start":{"line":53,"column":2},"end":{"line":56,"column":5}},"14":{"start":{"line":55,"column":4},"end":{"line":55,"column":25}},"15":{"start":{"line":59,"column":26},"end":{"line":69,"column":1}},"16":{"start":{"line":60,"column":15},"end":{"line":60,"column":62}},"17":{"start":{"line":61,"column":20},"end":{"line":61,"column":61}},"18":{"start":{"line":62,"column":18},"end":{"line":62,"column":56}},"19":{"start":{"line":63,"column":2},"end":{"line":68,"column":3}},"20":{"start":{"line":64,"column":4},"end":{"line":64,"column":25}},"21":{"start":{"line":65,"column":4},"end":{"line":65,"column":22}},"22":{"start":{"line":67,"column":4},"end":{"line":67,"column":15}},"23":{"start":{"line":72,"column":35},"end":{"line":90,"column":1}},"24":{"start":{"line":74,"column":21},"end":{"line":78,"column":3}},"25":{"start":{"line":84,"column":16},"end":{"line":84,"column":18}},"26":{"start":{"line":85,"column":2},"end":{"line":85,"column":66}},"27":{"start":{"line":89,"column":2},"end":{"line":89,"column":51}},"28":{"start":{"line":92,"column":25},"end":{"line":98,"column":5}},"29":{"start":{"line":94,"column":1},"end":{"line":97,"column":10}},"30":{"start":{"line":101,"column":24},"end":{"line":127,"column":1}},"31":{"start":{"line":103,"column":16},"end":{"line":103,"column":68}},"32":{"start":{"line":105,"column":10},"end":{"line":125,"column":13}},"33":{"start":{"line":106,"column":31},"end":{"line":106,"column":75}},"34":{"start":{"line":109,"column":12},"end":{"line":122,"column":13}},"35":{"start":{"line":110,"column":14},"end":{"line":118,"column":20}},"36":{"start":{"line":113,"column":16},"end":{"line":118,"column":17}},"37":{"start":{"line":114,"column":18},"end":{"line":114,"column":66}},"38":{"start":{"line":117,"column":18},"end":{"line":117,"column":57}},"39":{"start":{"line":121,"column":14},"end":{"line":121,"column":61}},"40":{"start":{"line":130,"column":25},"end":{"line":137,"column":1}},"41":{"start":{"line":131,"column":21},"end":{"line":131,"column":97}},"42":{"start":{"line":132,"column":2},"end":{"line":136,"column":3}}},"fnMap":{"0":{"name":"(anonymous_0)","decl":{"start":{"line":1,"column":29},"end":{"line":1,"column":30}},"loc":{"start":{"line":1,"column":61},"end":{"line":15,"column":1}},"line":1},"1":{"name":"(anonymous_1)","decl":{"start":{"line":3,"column":54},"end":{"line":3,"column":55}},"loc":{"start":{"line":3,"column":73},"end":{"line":14,"column":3}},"line":3},"2":{"name":"(anonymous_2)","decl":{"start":{"line":17,"column":43},"end":{"line":17,"column":44}},"loc":{"start":{"line":17,"column":106},"end":{"line":46,"column":1}},"line":17},"3":{"name":"(anonymous_3)","decl":{"start":{"line":51,"column":24},"end":{"line":51,"column":25}},"loc":{"start":{"line":51,"column":42},"end":{"line":57,"column":1}},"line":51},"4":{"name":"(anonymous_4)","decl":{"start":{"line":53,"column":27},"end":{"line":53,"column":28}},"loc":{"start":{"line":53,"column":38},"end":{"line":56,"column":3}},"line":53},"5":{"name":"(anonymous_5)","decl":{"start":{"line":59,"column":26},"end":{"line":59,"column":27}},"loc":{"start":{"line":59,"column":42},"end":{"line":69,"column":1}},"line":59},"6":{"name":"(anonymous_6)","decl":{"start":{"line":72,"column":35},"end":{"line":72,"column":36}},"loc":{"start":{"line":72,"column":73},"end":{"line":90,"column":1}},"line":72},"7":{"name":"(anonymous_7)","decl":{"start":{"line":92,"column":25},"end":{"line":92,"column":26}},"loc":{"start":{"line":92,"column":42},"end":{"line":98,"column":5}},"line":92},"8":{"name":"(anonymous_8)","decl":{"start":{"line":101,"column":24},"end":{"line":101,"column":25}},"loc":{"start":{"line":101,"column":37},"end":{"line":127,"column":1}},"line":101},"9":{"name":"(anonymous_9)","decl":{"start":{"line":105,"column":32},"end":{"line":105,"column":33}},"loc":{"start":{"line":105,"column":52},"end":{"line":125,"column":11}},"line":105},"10":{"name":"(anonymous_10)","decl":{"start":{"line":112,"column":14},"end":{"line":112,"column":15}},"loc":{"start":{"line":112,"column":30},"end":{"line":118,"column":20}},"line":112},"11":{"name":"(anonymous_11)","decl":{"start":{"line":130,"column":25},"end":{"line":130,"column":26}},"loc":{"start":{"line":130,"column":36},"end":{"line":137,"column":1}},"line":130},"12":{"name":"(anonymous_12)","decl":{"start":{"line":132,"column":27},"end":{"line":132,"column":28}},"loc":{"start":{"line":132,"column":46},"end":{"line":136,"column":1}},"line":132}},"branchMap":{"0":{"loc":{"start":{"line":4,"column":4},"end":{"line":12,"column":5}},"type":"if","locations":[{"start":{"line":4,"column":4},"end":{"line":12,"column":5}},{"start":{"line":4,"column":4},"end":{"line":12,"column":5}}],"line":4},"1":{"loc":{"start":{"line":7,"column":24},"end":{"line":7,"column":80}},"type":"cond-expr","locations":[{"start":{"line":7,"column":40},"end":{"line":7,"column":44}},{"start":{"line":7,"column":47},"end":{"line":7,"column":80}}],"line":7},"2":{"loc":{"start":{"line":9,"column":31},"end":{"line":9,"column":67}},"type":"cond-expr","locations":[{"start":{"line":9,"column":51},"end":{"line":9,"column":59}},{"start":{"line":9,"column":62},"end":{"line":9,"column":67}}],"line":9},"3":{"loc":{"start":{"line":21,"column":12},"end":{"line":21,"column":76}},"type":"cond-expr","locations":[{"start":{"line":21,"column":32},"end":{"line":21,"column":40}},{"start":{"line":21,"column":43},"end":{"line":21,"column":76}}],"line":21},"4":{"loc":{"start":{"line":63,"column":2},"end":{"line":68,"column":3}},"type":"if","locations":[{"start":{"line":63,"column":2},"end":{"line":68,"column":3}},{"start":{"line":63,"column":2},"end":{"line":68,"column":3}}],"line":63},"5":{"loc":{"start":{"line":75,"column":12},"end":{"line":75,"column":72}},"type":"cond-expr","locations":[{"start":{"line":75,"column":30},"end":{"line":75,"column":36}},{"start":{"line":75,"column":39},"end":{"line":75,"column":72}}],"line":75},"6":{"loc":{"start":{"line":109,"column":12},"end":{"line":122,"column":13}},"type":"if","locations":[{"start":{"line":109,"column":12},"end":{"line":122,"column":13}},{"start":{"line":109,"column":12},"end":{"line":122,"column":13}}],"line":109},"7":{"loc":{"start":{"line":113,"column":16},"end":{"line":118,"column":17}},"type":"if","locations":[{"start":{"line":113,"column":16},"end":{"line":118,"column":17}},{"start":{"line":113,"column":16},"end":{"line":118,"column":17}}],"line":113}},"s":{"0":1,"1":0,"2":0,"3":0,"4":1,"5":0,"6":0,"7":0,"8":0,"9":0,"10":0,"11":1,"12":0,"13":0,"14":0,"15":1,"16":0,"17":0,"18":0,"19":0,"20":0,"21":0,"22":0,"23":1,"24":0,"25":0,"26":0,"27":0,"28":1,"29":0,"30":1,"31":0,"32":0,"33":0,"34":0,"35":0,"36":0,"37":0,"38":0,"39":0,"40":1,"41":0,"42":0},"f":{"0":0,"1":0,"2":0,"3":0,"4":0,"5":0,"6":0,"7":0,"8":0,"9":0,"10":0,"11":0,"12":0},"b":{"0":[0,0],"1":[0,0],"2":[0,0],"3":[0,0],"4":[0,0],"5":[0,0],"6":[0,0],"7":[0,0]},"_coverageSchema":"43e27e138ebf9cfc5966b082cf9a028302ed4184","hash":"ce174167324979472e89bc57c43b21612cbc5e01"}
}
