TN:
SF:/Users/Silmeriel/Desktop/Laboratoria/SCL007-Social-Network/src/js/app.js
FN:1,(anonymous_0)
FN:3,(anonymous_1)
FN:17,(anonymous_2)
FN:51,(anonymous_3)
FN:53,(anonymous_4)
FN:59,(anonymous_5)
FN:72,(anonymous_6)
FN:92,(anonymous_7)
FN:101,(anonymous_8)
FN:105,(anonymous_9)
FN:112,(anonymous_10)
FN:130,(anonymous_11)
FN:132,(anonymous_12)
FNF:13
FNH:0
FNDA:0,(anonymous_0)
FNDA:0,(anonymous_1)
FNDA:0,(anonymous_2)
FNDA:0,(anonymous_3)
FNDA:0,(anonymous_4)
FNDA:0,(anonymous_5)
FNDA:0,(anonymous_6)
FNDA:0,(anonymous_7)
FNDA:0,(anonymous_8)
FNDA:0,(anonymous_9)
FNDA:0,(anonymous_10)
FNDA:0,(anonymous_11)
FNDA:0,(anonymous_12)
DA:1,1
DA:3,0
DA:4,0
DA:5,0
DA:17,1
DA:19,0
DA:38,0
DA:41,0
DA:42,0
DA:43,0
DA:44,0
DA:51,1
DA:52,0
DA:53,0
DA:55,0
DA:59,1
DA:60,0
DA:61,0
DA:62,0
DA:63,0
DA:64,0
DA:65,0
DA:67,0
DA:72,1
DA:74,0
DA:84,0
DA:85,0
DA:89,0
DA:92,1
DA:94,0
DA:101,1
DA:103,0
DA:105,0
DA:106,0
DA:109,0
DA:110,0
DA:113,0
DA:114,0
DA:117,0
DA:121,0
DA:130,1
DA:131,0
DA:132,0
LF:43
LH:8
BRDA:4,0,0,0
BRDA:4,0,1,0
BRDA:7,1,0,0
BRDA:7,1,1,0
BRDA:9,2,0,0
BRDA:9,2,1,0
BRDA:21,3,0,0
BRDA:21,3,1,0
BRDA:63,4,0,0
BRDA:63,4,1,0
BRDA:75,5,0,0
BRDA:75,5,1,0
BRDA:109,6,0,0
BRDA:109,6,1,0
BRDA:113,7,0,0
BRDA:113,7,1,0
BRF:16
BRH:0
end_of_record
